<?xml version="1.0" encoding="UTF-8"?>
<!-- Generated by org.testng.reporters.JUnitXMLReporter -->
<testsuite ignored="1" hostname="sahoo-HP-Laptop-15q-ds0xxx" failures="0" tests="2" name="Default test" time="2.027" errors="0" timestamp="2022-01-29T23:00:25 IST">
  <testcase classname="basicsOfRestAssured.DataDrivenExamples1" name="delete_user" time="1.94"/>
  <testcase classname="basicsOfRestAssured.DataDrivenExamples1" name="delete_user" time="0.03"/>
  <testcase classname="basicsOfRestAssured.DataDrivenExamples1" name="testPost" time="0.0">
    <ignored/>
  </testcase> <!-- testPost -->
</testsuite> <!-- Default test -->
