<?xml version="1.0" encoding="UTF-8"?>
<testng-results ignored="1" total="3" passed="2" failed="0" skipped="0">
  <reporter-output>
  </reporter-output>
  <suite started-at="2022-01-29T23:00:23 IST" name="Default suite" finished-at="2022-01-29T23:00:25 IST" duration-ms="2027">
    <groups>
    </groups>
    <test started-at="2022-01-29T23:00:23 IST" name="Default test" finished-at="2022-01-29T23:00:25 IST" duration-ms="2027">
      <class name="basicsOfRestAssured.DataDrivenExamples1">
        <test-method signature="delete_user(int)[pri:0, instance:basicsOfRestAssured.DataDrivenExamples1@6295d394]" started-at="2022-01-29T23:00:23 IST" name="delete_user" data-provider="deleteData" finished-at="2022-01-29T23:00:25 IST" duration-ms="1940" status="PASS">
          <params>
            <param index="0">
              <value>
                <![CDATA[4]]>
              </value>
            </param>
          </params>
          <reporter-output>
          </reporter-output>
        </test-method> <!-- delete_user -->
        <test-method signature="delete_user(int)[pri:0, instance:basicsOfRestAssured.DataDrivenExamples1@6295d394]" started-at="2022-01-29T23:00:25 IST" name="delete_user" data-provider="deleteData" finished-at="2022-01-29T23:00:25 IST" duration-ms="30" status="PASS">
          <params>
            <param index="0">
              <value>
                <![CDATA[5]]>
              </value>
            </param>
          </params>
          <reporter-output>
          </reporter-output>
        </test-method> <!-- delete_user -->
      </class> <!-- basicsOfRestAssured.DataDrivenExamples1 -->
    </test> <!-- Default test -->
  </suite> <!-- Default suite -->
</testng-results>
